<?xml version="1.0" encoding="UTF-8"?>
<testsuites>
  <testsuite name="utils" timestamp="2025-08-04T13:47:18Z" hostname="0def26d43d9a" tests="13" skipped="0" failures="0" errors="0" time="0.074">
    <testcase time="0.0069999999999999" classname="utils" name="as_numeric_from_comma_sep_str_converts_comma_sep_string_into_numeric_vector"/>
    <testcase time="0.02" classname="utils" name="as_numeric_from_comma_sep_str_converts_comma_sep_string_into_numeric_vector"/>
    <testcase time="0.02" classname="utils" name="as_numeric_from_comma_sep_str_throws_warning_if_any_entries_are_not_numeric_and_converts_those_to_NAs"/>
    <testcase time="0.00100000000000011" classname="utils" name="as_numeric_from_comma_sep_str_throws_warning_if_any_entries_are_not_numeric_and_converts_those_to_NAs"/>
    <testcase time="0.002" classname="utils" name="as_numeric_from_comma_sep_str_throws_warning_if_any_entries_are_not_numeric_and_converts_those_to_NAs"/>
    <testcase time="0.002" classname="utils" name="as_numeric_from_comma_sep_str_throws_warning_if_any_entries_are_not_numeric_and_converts_those_to_NAs"/>
    <testcase time="0.00099999999999989" classname="utils" name="as_numeric_from_comma_sep_str_throws_warning_if_any_entries_are_not_numeric_and_converts_those_to_NAs"/>
    <testcase time="0.002" classname="utils" name="as_numeric_from_comma_sep_str_throws_warning_if_any_entries_are_not_numeric_and_converts_those_to_NAs"/>
    <testcase time="0.00600000000000001" classname="utils" name="as_numeric_from_comma_sep_str_returns_NULL_if_input_is_NULL_or_whitespace"/>
    <testcase time="0.00300000000000011" classname="utils" name="as_numeric_from_comma_sep_str_returns_NULL_if_input_is_NULL_or_whitespace"/>
    <testcase time="0.004" classname="utils" name="as_numeric_from_comma_sep_str_returns_NULL_if_input_is_NULL_or_whitespace"/>
    <testcase time="0.004" classname="utils" name="as_numeric_from_comma_sep_str_ignores_empty_values_at_end_of_string"/>
    <testcase time="0.002" classname="utils" name="as_numeric_from_comma_sep_str_ignores_empty_values_at_end_of_string"/>
  </testsuite>
</testsuites>
